Date: "2023-06-30 01:23:29" Type: "Err" Code: "500" Message: "unsupported database mongodb"
Date: "2023-06-30 01:23:37" Type: "Err" Code: "500" Message: "unsupported database mongodb"
Date: "2023-06-30 01:25:41" Type: "Err" Code: "500" Message: "unsupported database mongodb"
Date: "2023-06-30 01:26:27" Type: "Err" Code: "500" Message: "unsupported database mongodb"
Date: "2023-06-30 01:26:36" Type: "Err" Code: "500" Message: "unsupported database mongodb"
Date: "2023-06-30 11:48:07" Type: "Err" Code: "500" Message: "unsupported database mongodb"
Date: "2023-06-30 11:48:37" Type: "Err" Code: "500" Message: "{"message":"connect ENETUNREACH 10.123.0.1:27017 - Local (0.0.0.0:0)","reason":{"type":"Single","setName":null,"maxSetVersion":null,"maxElectionId":null,"servers":{},"stale":false,"compatible":true,"compatibilityError":null,"logicalSessionTimeoutMinutes":null,"heartbeatFrequencyMS":10000,"localThresholdMS":15,"commonWireVersion":null}}"
Date: "2023-06-30 11:50:18" Type: "Err" Code: "500" Message: "unsupported database mongodb"
Date: "2023-06-30 12:05:10" Type: "Err" Code: "500" Message: "unsupported database mongodb"
Date: "2023-06-30 12:05:37" Type: "Err" Code: "500" Message: "unsupported database mongodb"
Date: "2023-06-30 12:08:25" Type: "Err" Code: "500" Message: "unsupported database mongodb"
Date: "2023-06-30 12:09:14" Type: "Err" Code: "500" Message: "unsupported database mongodb"
Date: "2023-06-30 12:11:02" Type: "Err" Code: "500" Message: "unsupported database mongodb"
Date: "2023-06-30 12:11:59" Type: "Err" Code: "500" Message: "unsupported database mongodb"
Date: "2023-06-30 12:12:25" Type: "Err" Code: "500" Message: "unsupported database mongodb"
Date: "2023-06-30 12:13:33" Type: "Err" Code: "500" Message: "unsupported database mongodb"
Date: "2023-06-30 12:21:16" Type: "Err" Code: "500" Message: "unsupported database mongodb"
Date: "2023-06-30 12:37:40" Type: "Err" Code: "500" Message: "unsupported database mongodb"
Date: "2023-06-30 12:38:33" Type: "Err" Code: "500" Message: "unsupported database mongodb"
Date: "2023-06-30 12:39:26" Type: "Err" Code: "500" Message: "unsupported database mongodb"
Date: "2023-06-30 13:20:38" Type: "Err" Code: "500" Message: "unsupported database mongodb"
Date: "2023-06-30 13:21:43" Type: "Err" Code: "500" Message: "unsupported database mongodb"
Date: "2023-06-30 13:24:42" Type: "Err" Code: "500" Message: "unsupported database mongodb"
Date: "2023-06-30 20:14:29" Type: "Err" Code: "500" Message: "unsupported database mongodb"
Date: "2023-06-30 20:24:27" Type: "Err" Code: "500" Message: "unsupported database mongodb"
Date: "2023-06-30 20:28:58" Type: "Err" Code: "500" Message: "unsupported database mongodb"
Date: "2023-06-30 21:37:00" Type: "Err" Code: "500" Message: "unsupported database mongodb"
Date: "2023-06-30 21:37:06" Type: "Err" Code: "500" Message: "unsupported database mongodb"
Date: "2023-06-30 21:45:43" Type: "Err" Code: "500" Message: "unsupported database mongodb"
Date: "2023-06-30 22:18:05" Type: "Err" Code: "500" Message: "unsupported database mongodb"
Date: "2023-06-30 22:22:38" Type: "Err" Code: "500" Message: "unsupported database mongodb"
Date: "2023-06-30 22:22:54" Type: "Err" Code: "500" Message: "unsupported database mongodb"
Date: "2023-06-30 22:23:00" Type: "Err" Code: "500" Message: "unsupported database mongodb"
Date: "2023-06-30 22:28:16" Type: "Err" Code: "500" Message: "unsupported database mongodb"
Date: "2023-06-30 22:29:59" Type: "Err" Code: "500" Message: "unsupported database mongodb"
Date: "2023-06-30 22:32:14" Type: "Err" Code: "500" Message: "unsupported database mongodb"
Date: "2023-06-30 22:38:24" Type: "Err" Code: "500" Message: "unsupported database mongodb"
Date: "2023-06-30 22:50:25" Type: "Err" Code: "500" Message: "unsupported database mongodb"
Date: "2023-06-30 22:50:44" Type: "Err" Code: "500" Message: "unsupported database mongodb"
Date: "2023-06-30 22:51:12" Type: "Err" Code: "500" Message: "unsupported database mongodb"
Date: "2023-06-30 22:51:40" Type: "Err" Code: "500" Message: "unsupported database mongodb"
Date: "2023-06-30 22:51:53" Type: "Err" Code: "500" Message: "unsupported database mongodb"
Date: "2023-06-30 23:00:51" Type: "Err" Code: "500" Message: "unsupported database mongodb"
Date: "2023-06-30 23:01:52" Type: "Err" Code: "500" Message: "unsupported database mongodb"
Date: "2023-07-01 10:46:49" Type: "Err" Code: "500" Message: "unsupported database mongodb"
Date: "2023-07-01 18:30:40" Type: "Err" Code: "500" Message: "unsupported database mongodb"
Date: "2023-07-01 18:31:01" Type: "Err" Code: "500" Message: "unsupported database mongodb"
Date: "2023-07-01 18:31:26" Type: "Err" Code: "500" Message: "unsupported database mongodb"
Date: "2023-07-01 18:32:01" Type: "Err" Code: "500" Message: "unsupported database mongodb"
Date: "2024-03-06 14:55:10" Type: "Err" Code: "500" Message: ".env file for  environment does not exists"
Date: "2024-03-06 14:58:42" Type: "Err" Code: "500" Message: "JWT_SECRET is not set!"
Date: "2024-03-06 14:59:11" Type: "Err" Code: "500" Message: "unsupported database mongodb"
Date: "2024-03-06 14:59:41" Type: "Err" Code: "500" Message: "{"message":"connect ECONNREFUSED ::1:27017","reason":{"type":"Single","setName":null,"maxSetVersion":null,"maxElectionId":null,"servers":{},"stale":false,"compatible":true,"compatibilityError":null,"logicalSessionTimeoutMinutes":null,"heartbeatFrequencyMS":10000,"localThresholdMS":15,"commonWireVersion":null}}"
Date: "2024-03-06 15:12:22" Type: "Err" Code: "500" Message: "unsupported database mongodb"
Date: "2024-03-06 15:12:52" Type: "Err" Code: "500" Message: "{"message":"connect ECONNREFUSED ::1:27017","reason":{"type":"Single","setName":null,"maxSetVersion":null,"maxElectionId":null,"servers":{},"stale":false,"compatible":true,"compatibilityError":null,"logicalSessionTimeoutMinutes":null,"heartbeatFrequencyMS":10000,"localThresholdMS":15,"commonWireVersion":null}}"
Date: "2024-03-06 15:17:17" Type: "Err" Code: "500" Message: "unsupported database mysql"
Date: "2024-03-06 15:17:17" Type: "Err" Code: "500" Message: "Can't connect to db
SequelizeConnectionRefusedError: connect ECONNREFUSED 127.0.0.1:5432"
Date: "2024-03-06 15:45:46" Type: "Err" Code: "500" Message: "unsupported database mysql"
Date: "2024-03-06 15:45:46" Type: "Err" Code: "500" Message: "Can't connect to db
SequelizeConnectionRefusedError: connect ECONNREFUSED 127.0.0.1:5432"
Date: "2024-03-06 15:46:51" Type: "Err" Code: "500" Message: "unsupported database mysql"
Date: "2024-03-06 15:46:51" Type: "Err" Code: "500" Message: "Can't connect to db
SequelizeConnectionRefusedError: connect ECONNREFUSED 127.0.0.1:5432"
Date: "2024-03-06 16:08:39" Type: "Err" Code: "500" Message: "unsupported database mysql"
Date: "2024-03-06 16:08:39" Type: "Err" Code: "500" Message: "Can't connect to db
SequelizeConnectionRefusedError: connect ECONNREFUSED 127.0.0.1:3306"
Date: "2024-03-06 16:12:55" Type: "Err" Code: "500" Message: "unsupported database mysql"
Date: "2024-03-06 16:12:55" Type: "Err" Code: "500" Message: "Can't connect to db
SequelizeConnectionRefusedError: connect ECONNREFUSED 127.0.0.1:3306"
Date: "2024-03-06 16:13:40" Type: "Err" Code: "500" Message: "unsupported database mysql"
Date: "2024-03-06 16:13:40" Type: "Err" Code: "500" Message: "Can't connect to db
SequelizeConnectionError: (conn=3, no: 1049, SQLState: 42000) Unknown database 'deguapp'"
Date: "2024-03-06 16:15:55" Type: "Err" Code: "500" Message: "unsupported database mysql"
Date: "2024-03-06 16:27:07" Type: "Err" Code: "500" Message: ".env file for test environment does not exists"
Date: "2024-03-06 16:28:38" Type: "Err" Code: "500" Message: ".env file for test environment does not exists"
